<?xml version="1.0" encoding="UTF-8"?>
<testsuite xmlns:xsi="http://www.w3.org/2001/XMLSchema-instance" xsi:noNamespaceSchemaLocation="https://maven.apache.org/surefire/maven-surefire-plugin/xsd/surefire-test-report-3.0.xsd" version="3.0" name="uni.pu.fmi.RunCucumberTest" time="1.47" tests="15" errors="0" skipped="0" failures="0">
  <properties>
[...]
</properties>
  <testcase name="Успешно кандидатстване за свободна стая" classname="Кандидатстване за стая" time="0.22">
    <system-out><![CDATA[
Scenario: Успешно кандидатстване за свободна стая     &amp#27;[90m# src/test/resources/features/application.feature:8&amp#27;[0m
  &amp#27;[32mGiven &amp#27;[0m&amp#27;[32mстудент с имейл &amp#27;[0m&amp#27;[32m&amp#27;[1m"ivan@uni.bg"&amp#27;[0m                 &amp#27;[90m# uni.pu.fmi.CommonSteps.студентСИмейл(java.lang.String)&amp#27;[0m
  &amp#27;[32mAnd &amp#27;[0m&amp#27;[32mв системата има свободна стая от тип &amp#27;[0m&amp#27;[32m&amp#27;[1m"SINGLE"&amp#27;[0m   &amp#27;[90m# uni.pu.fmi.CommonSteps.имаСвободнаСтая(java.lang.String)&amp#27;[0m
  &amp#27;[32mWhen &amp#27;[0m&amp#27;[32mстудентът кандидатства за стая от тип &amp#27;[0m&amp#27;[32m&amp#27;[1m"SINGLE"&amp#27;[0m &amp#27;[90m# uni.pu.fmi.ApplicationSteps.студентътКандидатства(java.lang.String)&amp#27;[0m
  &amp#27;[32mThen &amp#27;[0m&amp#27;[32mкандидатурата е успешно подадена&amp#27;[0m               &amp#27;[90m# uni.pu.fmi.ApplicationSteps.кандидатуратаУспешна()&amp#27;[0m
  &amp#27;[32mAnd &amp#27;[0m&amp#27;[32mстатусът на кандидатурата е &amp#27;[0m&amp#27;[32m&amp#27;[1m"PENDING"&amp#27;[0m           &amp#27;[90m# uni.pu.fmi.ApplicationSteps.статусътНаКандидатурата(java.lang.String)&amp#27;[0m
]]></system-out>
  </testcase>
  <testcase name="Преглед на свободни стаи преди кандидатстване" classname="Кандидатстване за стая" time="0.026">
    <system-out><![CDATA[
Scenario: Преглед на свободни стаи преди кандидатстване   &amp#27;[90m# src/test/resources/features/application.feature:15&amp#27;[0m
  &amp#27;[32mGiven &amp#27;[0m&amp#27;[32mстудент с имейл &amp#27;[0m&amp#27;[32m&amp#27;[1m"petar@uni.bg"&amp#27;[0m                    &amp#27;[90m# uni.pu.fmi.CommonSteps.студентСИмейл(java.lang.String)&amp#27;[0m
  &amp#27;[32mAnd &amp#27;[0m&amp#27;[32mв системата има &amp#27;[0m&amp#27;[32m&amp#27;[1m2&amp#27;[0m&amp#27;[32m свободни стаи от тип &amp#27;[0m&amp#27;[32m&amp#27;[1m"DOUBLE"&amp#27;[0m     &amp#27;[90m# uni.pu.fmi.CommonSteps.имаНСвободниСтаи(int,java.lang.String)&amp#27;[0m
  &amp#27;[32mWhen &amp#27;[0m&amp#27;[32mстудентът прегледа свободните стаи от тип &amp#27;[0m&amp#27;[32m&amp#27;[1m"DOUBLE"&amp#27;[0m &amp#27;[90m# uni.pu.fmi.ApplicationSteps.студентътПрегледаСвободниСтаи(java.lang.String)&amp#27;[0m
  &amp#27;[32mThen &amp#27;[0m&amp#27;[32mсе показват &amp#27;[0m&amp#27;[32m&amp#27;[1m2&amp#27;[0m&amp#27;[32m свободни стаи&amp#27;[0m                        &amp#27;[90m# uni.pu.fmi.ApplicationSteps.сеПоказватСтаи(int)&amp#27;[0m
]]></system-out>
  </testcase>
  <testcase name="Кандидатстване при вече съществуваща активна кандидатура" classname="Кандидатстване за стая" time="0.023">
    <system-out><![CDATA[
Scenario: Кандидатстване при вече съществуваща активна кандидатура &amp#27;[90m# src/test/resources/features/application.feature:23&amp#27;[0m
  &amp#27;[32mGiven &amp#27;[0m&amp#27;[32mстудент с имейл &amp#27;[0m&amp#27;[32m&amp#27;[1m"maria@uni.bg"&amp#27;[0m                             &amp#27;[90m# uni.pu.fmi.CommonSteps.студентСИмейл(java.lang.String)&amp#27;[0m
  &amp#27;[32mAnd &amp#27;[0m&amp#27;[32mв системата има свободна стая от тип &amp#27;[0m&amp#27;[32m&amp#27;[1m"SINGLE"&amp#27;[0m                &amp#27;[90m# uni.pu.fmi.CommonSteps.имаСвободнаСтая(java.lang.String)&amp#27;[0m
  &amp#27;[32mAnd &amp#27;[0m&amp#27;[32mстудентът вече има активна кандидатура&amp#27;[0m                       &amp#27;[90m# uni.pu.fmi.ApplicationSteps.студентътВечеИмаКандидатура()&amp#27;[0m
  &amp#27;[32mWhen &amp#27;[0m&amp#27;[32mстудентът кандидатства за стая от тип &amp#27;[0m&amp#27;[32m&amp#27;[1m"SINGLE"&amp#27;[0m              &amp#27;[90m# uni.pu.fmi.ApplicationSteps.студентътКандидатства(java.lang.String)&amp#27;[0m
  &amp#27;[32mThen &amp#27;[0m&amp#27;[32mкандидатурата е неуспешна&amp#27;[0m                                   &amp#27;[90m# uni.pu.fmi.ApplicationSteps.кандидатуратаНеуспешна()&amp#27;[0m
  &amp#27;[32mAnd &amp#27;[0m&amp#27;[32mгрешката е &amp#27;[0m&amp#27;[32m&amp#27;[1m"Вече имате активна кандидатура"&amp#27;[0m                  &amp#27;[90m# uni.pu.fmi.CommonSteps.грешкатаЕ(java.lang.String)&amp#27;[0m
]]></system-out>
  </testcase>
  <testcase name="Кандидатстване без избран тип стая" classname="Кандидатстване за стая" time="0.015">
    <system-out><![CDATA[
Scenario: Кандидатстване без избран тип стая         &amp#27;[90m# src/test/resources/features/application.feature:31&amp#27;[0m
  &amp#27;[32mGiven &amp#27;[0m&amp#27;[32mстудент с имейл &amp#27;[0m&amp#27;[32m&amp#27;[1m"georgi@uni.bg"&amp#27;[0m              &amp#27;[90m# uni.pu.fmi.CommonSteps.студентСИмейл(java.lang.String)&amp#27;[0m
  &amp#27;[32mWhen &amp#27;[0m&amp#27;[32mстудентът кандидатства без да избере тип стая&amp#27;[0m &amp#27;[90m# uni.pu.fmi.ApplicationSteps.студентътКандидатстваБезТип()&amp#27;[0m
  &amp#27;[32mThen &amp#27;[0m&amp#27;[32mкандидатурата е неуспешна&amp#27;[0m                     &amp#27;[90m# uni.pu.fmi.ApplicationSteps.кандидатуратаНеуспешна()&amp#27;[0m
  &amp#27;[32mAnd &amp#27;[0m&amp#27;[32mгрешката е &amp#27;[0m&amp#27;[32m&amp#27;[1m"Невалиден тип стая"&amp#27;[0m                &amp#27;[90m# uni.pu.fmi.CommonSteps.грешкатаЕ(java.lang.String)&amp#27;[0m
]]></system-out>
  </testcase>
  <testcase name="Администратор се опитва да кандидатства за стая" classname="Кандидатстване за стая" time="0.026">
    <system-out><![CDATA[
Scenario: Администратор се опитва да кандидатства за стая    &amp#27;[90m# src/test/resources/features/application.feature:37&amp#27;[0m
  &amp#27;[32mGiven &amp#27;[0m&amp#27;[32mадминистратор с имейл &amp#27;[0m&amp#27;[32m&amp#27;[1m"admin@uni.bg"&amp#27;[0m                 &amp#27;[90m# uni.pu.fmi.CommonSteps.администраторСИмейл(java.lang.String)&amp#27;[0m
  &amp#27;[32mAnd &amp#27;[0m&amp#27;[32mв системата има свободна стая от тип &amp#27;[0m&amp#27;[32m&amp#27;[1m"SINGLE"&amp#27;[0m          &amp#27;[90m# uni.pu.fmi.CommonSteps.имаСвободнаСтая(java.lang.String)&amp#27;[0m
  &amp#27;[32mWhen &amp#27;[0m&amp#27;[32mпотребителят кандидатства за стая от тип &amp#27;[0m&amp#27;[32m&amp#27;[1m"SINGLE"&amp#27;[0m     &amp#27;[90m# uni.pu.fmi.ApplicationSteps.потребителятКандидатства(java.lang.String)&amp#27;[0m
  &amp#27;[32mThen &amp#27;[0m&amp#27;[32mкандидатурата е неуспешна&amp#27;[0m                             &amp#27;[90m# uni.pu.fmi.ApplicationSteps.кандидатуратаНеуспешна()&amp#27;[0m
  &amp#27;[32mAnd &amp#27;[0m&amp#27;[32mгрешката е &amp#27;[0m&amp#27;[32m&amp#27;[1m"Само студент може да кандидатства за стая"&amp#27;[0m &amp#27;[90m# uni.pu.fmi.CommonSteps.грешкатаЕ(java.lang.String)&amp#27;[0m
]]></system-out>
  </testcase>
  <testcase name="Успешно одобряване на кандидатура с назначаване на стая" classname="Одобряване и отхвърляне на кандидатура" time="0.014">
    <system-out><![CDATA[
Scenario: Успешно одобряване на кандидатура с назначаване на стая &amp#27;[90m# src/test/resources/features/approval.feature:8&amp#27;[0m
  &amp#27;[32mGiven &amp#27;[0m&amp#27;[32mадминистратор с имейл &amp#27;[0m&amp#27;[32m&amp#27;[1m"admin@uni.bg"&amp#27;[0m                      &amp#27;[90m# uni.pu.fmi.CommonSteps.администраторСИмейл(java.lang.String)&amp#27;[0m
  &amp#27;[32mAnd &amp#27;[0m&amp#27;[32mима подадена кандидатура от студент за тип &amp#27;[0m&amp#27;[32m&amp#27;[1m"SINGLE"&amp#27;[0m         &amp#27;[90m# uni.pu.fmi.ApprovalSteps.имаПодаденаКандидатура(java.lang.String)&amp#27;[0m
  &amp#27;[32mAnd &amp#27;[0m&amp#27;[32mв системата има свободна стая от тип &amp#27;[0m&amp#27;[32m&amp#27;[1m"SINGLE"&amp#27;[0m               &amp#27;[90m# uni.pu.fmi.CommonSteps.имаСвободнаСтая(java.lang.String)&amp#27;[0m
  &amp#27;[32mWhen &amp#27;[0m&amp#27;[32mадминистраторът одобри кандидатурата&amp#27;[0m                       &amp#27;[90m# uni.pu.fmi.ApprovalSteps.администраторътОдобри()&amp#27;[0m
  &amp#27;[32mThen &amp#27;[0m&amp#27;[32mкандидатурата е със статус &amp#27;[0m&amp#27;[32m&amp#27;[1m"APPROVED"&amp#27;[0m                      &amp#27;[90m# uni.pu.fmi.ApprovalSteps.кандидатуратаСъсСтатус(java.lang.String)&amp#27;[0m
  &amp#27;[32mAnd &amp#27;[0m&amp#27;[32mна студента е назначена стая&amp#27;[0m                                &amp#27;[90m# uni.pu.fmi.ApprovalSteps.наСтудентаНазначенаСтая()&amp#27;[0m
  &amp#27;[32mAnd &amp#27;[0m&amp#27;[32mстаята е със статус &amp#27;[0m&amp#27;[32m&amp#27;[1m"OCCUPIED"&amp#27;[0m                              &amp#27;[90m# uni.pu.fmi.ApprovalSteps.стаятаСъсСтатус(java.lang.String)&amp#27;[0m
]]></system-out>
  </testcase>
  <testcase name="Успешно отхвърляне на кандидатура с причина" classname="Одобряване и отхвърляне на кандидатура" time="0.017">
    <system-out><![CDATA[
Scenario: Успешно отхвърляне на кандидатура с причина                &amp#27;[90m# src/test/resources/features/approval.feature:17&amp#27;[0m
  &amp#27;[32mGiven &amp#27;[0m&amp#27;[32mадминистратор с имейл &amp#27;[0m&amp#27;[32m&amp#27;[1m"admin@uni.bg"&amp#27;[0m                         &amp#27;[90m# uni.pu.fmi.CommonSteps.администраторСИмейл(java.lang.String)&amp#27;[0m
  &amp#27;[32mAnd &amp#27;[0m&amp#27;[32mима подадена кандидатура от студент за тип &amp#27;[0m&amp#27;[32m&amp#27;[1m"DOUBLE"&amp#27;[0m            &amp#27;[90m# uni.pu.fmi.ApprovalSteps.имаПодаденаКандидатура(java.lang.String)&amp#27;[0m
  &amp#27;[32mWhen &amp#27;[0m&amp#27;[32mадминистраторът отхвърли кандидатурата с причина &amp#27;[0m&amp#27;[32m&amp#27;[1m"Няма места"&amp#27;[0m &amp#27;[90m# uni.pu.fmi.ApprovalSteps.администраторътОтхвърли(java.lang.String)&amp#27;[0m
  &amp#27;[32mThen &amp#27;[0m&amp#27;[32mкандидатурата е със статус &amp#27;[0m&amp#27;[32m&amp#27;[1m"REJECTED"&amp#27;[0m                         &amp#27;[90m# uni.pu.fmi.ApprovalSteps.кандидатуратаСъсСтатус(java.lang.String)&amp#27;[0m
]]></system-out>
  </testcase>
  <testcase name="Одобряване без налични свободни стаи" classname="Одобряване и отхвърляне на кандидатура" time="0.013">
    <system-out><![CDATA[
Scenario: Одобряване без налични свободни стаи            &amp#27;[90m# src/test/resources/features/approval.feature:25&amp#27;[0m
  &amp#27;[32mGiven &amp#27;[0m&amp#27;[32mадминистратор с имейл &amp#27;[0m&amp#27;[32m&amp#27;[1m"admin@uni.bg"&amp#27;[0m              &amp#27;[90m# uni.pu.fmi.CommonSteps.администраторСИмейл(java.lang.String)&amp#27;[0m
  &amp#27;[32mAnd &amp#27;[0m&amp#27;[32mима подадена кандидатура от студент за тип &amp#27;[0m&amp#27;[32m&amp#27;[1m"SINGLE"&amp#27;[0m &amp#27;[90m# uni.pu.fmi.ApprovalSteps.имаПодаденаКандидатура(java.lang.String)&amp#27;[0m
  &amp#27;[32mWhen &amp#27;[0m&amp#27;[32mадминистраторът одобри кандидатурата&amp#27;[0m               &amp#27;[90m# uni.pu.fmi.ApprovalSteps.администраторътОдобри()&amp#27;[0m
  &amp#27;[32mThen &amp#27;[0m&amp#27;[32mодобряването е неуспешно&amp#27;[0m                           &amp#27;[90m# uni.pu.fmi.ApprovalSteps.одобряванетоНеуспешно()&amp#27;[0m
  &amp#27;[32mAnd &amp#27;[0m&amp#27;[32mгрешката е &amp#27;[0m&amp#27;[32m&amp#27;[1m"Няма свободни стаи от желания тип"&amp#27;[0m      &amp#27;[90m# uni.pu.fmi.CommonSteps.грешкатаЕ(java.lang.String)&amp#27;[0m
]]></system-out>
  </testcase>
  <testcase name="Студент се опитва да одобри кандидатура" classname="Одобряване и отхвърляне на кандидатура" time="0.023">
    <system-out><![CDATA[
Scenario: Студент се опитва да одобри кандидатура                   &amp#27;[90m# src/test/resources/features/approval.feature:32&amp#27;[0m
  &amp#27;[32mGiven &amp#27;[0m&amp#27;[32mстудент с имейл &amp#27;[0m&amp#27;[32m&amp#27;[1m"ivan@uni.bg"&amp#27;[0m                               &amp#27;[90m# uni.pu.fmi.CommonSteps.студентСИмейл(java.lang.String)&amp#27;[0m
  &amp#27;[32mAnd &amp#27;[0m&amp#27;[32mима подадена кандидатура от студент за тип &amp#27;[0m&amp#27;[32m&amp#27;[1m"SINGLE"&amp#27;[0m           &amp#27;[90m# uni.pu.fmi.ApprovalSteps.имаПодаденаКандидатура(java.lang.String)&amp#27;[0m
  &amp#27;[32mAnd &amp#27;[0m&amp#27;[32mв системата има свободна стая от тип &amp#27;[0m&amp#27;[32m&amp#27;[1m"SINGLE"&amp#27;[0m                 &amp#27;[90m# uni.pu.fmi.CommonSteps.имаСвободнаСтая(java.lang.String)&amp#27;[0m
  &amp#27;[32mWhen &amp#27;[0m&amp#27;[32mпотребителят се опита да одобри кандидатурата&amp#27;[0m                &amp#27;[90m# uni.pu.fmi.ApprovalSteps.потребителятСеОпитаДаОдобри()&amp#27;[0m
  &amp#27;[32mThen &amp#27;[0m&amp#27;[32mодобряването е неуспешно&amp#27;[0m                                     &amp#27;[90m# uni.pu.fmi.ApprovalSteps.одобряванетоНеуспешно()&amp#27;[0m
  &amp#27;[32mAnd &amp#27;[0m&amp#27;[32mгрешката е &amp#27;[0m&amp#27;[32m&amp#27;[1m"Само администратор може да обработва кандидатури"&amp#27;[0m &amp#27;[90m# uni.pu.fmi.CommonSteps.грешкатаЕ(java.lang.String)&amp#27;[0m
]]></system-out>
  </testcase>
  <testcase name="Одобряване на вече обработена кандидатура" classname="Одобряване и отхвърляне на кандидатура" time="0.016">
    <system-out><![CDATA[
Scenario: Одобряване на вече обработена кандидатура       &amp#27;[90m# src/test/resources/features/approval.feature:40&amp#27;[0m
  &amp#27;[32mGiven &amp#27;[0m&amp#27;[32mадминистратор с имейл &amp#27;[0m&amp#27;[32m&amp#27;[1m"admin@uni.bg"&amp#27;[0m              &amp#27;[90m# uni.pu.fmi.CommonSteps.администраторСИмейл(java.lang.String)&amp#27;[0m
  &amp#27;[32mAnd &amp#27;[0m&amp#27;[32mима подадена кандидатура от студент за тип &amp#27;[0m&amp#27;[32m&amp#27;[1m"SINGLE"&amp#27;[0m &amp#27;[90m# uni.pu.fmi.ApprovalSteps.имаПодаденаКандидатура(java.lang.String)&amp#27;[0m
  &amp#27;[32mAnd &amp#27;[0m&amp#27;[32mв системата има &amp#27;[0m&amp#27;[32m&amp#27;[1m2&amp#27;[0m&amp#27;[32m свободни стаи от тип &amp#27;[0m&amp#27;[32m&amp#27;[1m"SINGLE"&amp#27;[0m     &amp#27;[90m# uni.pu.fmi.CommonSteps.имаНСвободниСтаи(int,java.lang.String)&amp#27;[0m
  &amp#27;[32mAnd &amp#27;[0m&amp#27;[32mкандидатурата вече е одобрена&amp#27;[0m                       &amp#27;[90m# uni.pu.fmi.ApprovalSteps.кандидатуратаВечеОдобрена()&amp#27;[0m
  &amp#27;[32mWhen &amp#27;[0m&amp#27;[32mадминистраторът одобри кандидатурата&amp#27;[0m               &amp#27;[90m# uni.pu.fmi.ApprovalSteps.администраторътОдобри()&amp#27;[0m
  &amp#27;[32mThen &amp#27;[0m&amp#27;[32mодобряването е неуспешно&amp#27;[0m                           &amp#27;[90m# uni.pu.fmi.ApprovalSteps.одобряванетоНеуспешно()&amp#27;[0m
  &amp#27;[32mAnd &amp#27;[0m&amp#27;[32mгрешката е &amp#27;[0m&amp#27;[32m&amp#27;[1m"Кандидатурата вече е обработена"&amp#27;[0m        &amp#27;[90m# uni.pu.fmi.CommonSteps.грешкатаЕ(java.lang.String)&amp#27;[0m
]]></system-out>
  </testcase>
  <testcase name="Успешно плащане на наем с достатъчна сума" classname="Плащане на наем" time="0.029">
    <system-out><![CDATA[
Scenario: Успешно плащане на наем с достатъчна сума                &amp#27;[90m# src/test/resources/features/payment.feature:8&amp#27;[0m
  &amp#27;[32mGiven &amp#27;[0m&amp#27;[32mнастанен студент с имейл &amp#27;[0m&amp#27;[32m&amp#27;[1m"ivan@uni.bg"&amp#27;[0m&amp#27;[32m в стая с наем &amp#27;[0m&amp#27;[32m&amp#27;[1m150.0&amp#27;[0m &amp#27;[90m# uni.pu.fmi.PaymentSteps.настаненСтудент(java.lang.String,double)&amp#27;[0m
  &amp#27;[32mWhen &amp#27;[0m&amp#27;[32mстудентът плати наем за период &amp#27;[0m&amp#27;[32m&amp#27;[1m"2026-03"&amp#27;[0m&amp#27;[32m със сума &amp#27;[0m&amp#27;[32m&amp#27;[1m150.0&amp#27;[0m     &amp#27;[90m# uni.pu.fmi.PaymentSteps.студентътПлати(java.lang.String,double)&amp#27;[0m
  &amp#27;[32mThen &amp#27;[0m&amp#27;[32mплащането е успешно&amp#27;[0m                                         &amp#27;[90m# uni.pu.fmi.PaymentSteps.плащанетоУспешно()&amp#27;[0m
  &amp#27;[32mAnd &amp#27;[0m&amp#27;[32mстатусът на плащането е &amp#27;[0m&amp#27;[32m&amp#27;[1m"PAID"&amp#27;[0m                               &amp#27;[90m# uni.pu.fmi.PaymentSteps.статусътНаПлащането(java.lang.String)&amp#27;[0m
]]></system-out>
  </testcase>
  <testcase name="Преглед на история на плащания" classname="Плащане на наем" time="0.011">
    <system-out><![CDATA[
Scenario: Преглед на история на плащания                            &amp#27;[90m# src/test/resources/features/payment.feature:14&amp#27;[0m
  &amp#27;[32mGiven &amp#27;[0m&amp#27;[32mнастанен студент с имейл &amp#27;[0m&amp#27;[32m&amp#27;[1m"maria@uni.bg"&amp#27;[0m&amp#27;[32m в стая с наем &amp#27;[0m&amp#27;[32m&amp#27;[1m200.0&amp#27;[0m &amp#27;[90m# uni.pu.fmi.PaymentSteps.настаненСтудент(java.lang.String,double)&amp#27;[0m
  &amp#27;[32mAnd &amp#27;[0m&amp#27;[32mстудентът е платил наем за период &amp#27;[0m&amp#27;[32m&amp#27;[1m"2026-01"&amp#27;[0m                   &amp#27;[90m# uni.pu.fmi.PaymentSteps.студентътЕПлатил(java.lang.String)&amp#27;[0m
  &amp#27;[32mAnd &amp#27;[0m&amp#27;[32mстудентът е платил наем за период &amp#27;[0m&amp#27;[32m&amp#27;[1m"2026-02"&amp#27;[0m                   &amp#27;[90m# uni.pu.fmi.PaymentSteps.студентътЕПлатил(java.lang.String)&amp#27;[0m
  &amp#27;[32mWhen &amp#27;[0m&amp#27;[32mстудентът прегледа историята на плащанията&amp#27;[0m                   &amp#27;[90m# uni.pu.fmi.PaymentSteps.студентътПрегледаИстория()&amp#27;[0m
  &amp#27;[32mThen &amp#27;[0m&amp#27;[32mсе показват &amp#27;[0m&amp#27;[32m&amp#27;[1m2&amp#27;[0m&amp#27;[32m плащания&amp#27;[0m                                       &amp#27;[90m# uni.pu.fmi.PaymentSteps.сеПоказватПлащания(int)&amp#27;[0m
]]></system-out>
  </testcase>
  <testcase name="Плащане на вече платен наем" classname="Плащане на наем" time="0.013">
    <system-out><![CDATA[
Scenario: Плащане на вече платен наем                               &amp#27;[90m# src/test/resources/features/payment.feature:23&amp#27;[0m
  &amp#27;[32mGiven &amp#27;[0m&amp#27;[32mнастанен студент с имейл &amp#27;[0m&amp#27;[32m&amp#27;[1m"petar@uni.bg"&amp#27;[0m&amp#27;[32m в стая с наем &amp#27;[0m&amp#27;[32m&amp#27;[1m150.0&amp#27;[0m &amp#27;[90m# uni.pu.fmi.PaymentSteps.настаненСтудент(java.lang.String,double)&amp#27;[0m
  &amp#27;[32mAnd &amp#27;[0m&amp#27;[32mстудентът вече е платил наем за период &amp#27;[0m&amp#27;[32m&amp#27;[1m"2026-03"&amp#27;[0m              &amp#27;[90m# uni.pu.fmi.PaymentSteps.студентътВечеЕПлатил(java.lang.String)&amp#27;[0m
  &amp#27;[32mWhen &amp#27;[0m&amp#27;[32mстудентът плати наем за период &amp#27;[0m&amp#27;[32m&amp#27;[1m"2026-03"&amp#27;[0m&amp#27;[32m със сума &amp#27;[0m&amp#27;[32m&amp#27;[1m150.0&amp#27;[0m      &amp#27;[90m# uni.pu.fmi.PaymentSteps.студентътПлати(java.lang.String,double)&amp#27;[0m
  &amp#27;[32mThen &amp#27;[0m&amp#27;[32mплащането е неуспешно&amp#27;[0m                                        &amp#27;[90m# uni.pu.fmi.PaymentSteps.плащанетоНеуспешно()&amp#27;[0m
  &amp#27;[32mAnd &amp#27;[0m&amp#27;[32mгрешката е &amp#27;[0m&amp#27;[32m&amp#27;[1m"Наемът вече е платен за този период"&amp#27;[0m              &amp#27;[90m# uni.pu.fmi.CommonSteps.грешкатаЕ(java.lang.String)&amp#27;[0m
]]></system-out>
  </testcase>
  <testcase name="Плащане с недостатъчна сума" classname="Плащане на наем" time="0.01">
    <system-out><![CDATA[
Scenario: Плащане с недостатъчна сума                                &amp#27;[90m# src/test/resources/features/payment.feature:30&amp#27;[0m
  &amp#27;[32mGiven &amp#27;[0m&amp#27;[32mнастанен студент с имейл &amp#27;[0m&amp#27;[32m&amp#27;[1m"georgi@uni.bg"&amp#27;[0m&amp#27;[32m в стая с наем &amp#27;[0m&amp#27;[32m&amp#27;[1m200.0&amp#27;[0m &amp#27;[90m# uni.pu.fmi.PaymentSteps.настаненСтудент(java.lang.String,double)&amp#27;[0m
  &amp#27;[32mWhen &amp#27;[0m&amp#27;[32mстудентът плати наем за период &amp#27;[0m&amp#27;[32m&amp#27;[1m"2026-03"&amp#27;[0m&amp#27;[32m със сума &amp#27;[0m&amp#27;[32m&amp#27;[1m100.0&amp#27;[0m       &amp#27;[90m# uni.pu.fmi.PaymentSteps.студентътПлати(java.lang.String,double)&amp#27;[0m
  &amp#27;[32mThen &amp#27;[0m&amp#27;[32mплащането е неуспешно&amp#27;[0m                                         &amp#27;[90m# uni.pu.fmi.PaymentSteps.плащанетоНеуспешно()&amp#27;[0m
  &amp#27;[32mAnd &amp#27;[0m&amp#27;[32mгрешката е &amp#27;[0m&amp#27;[32m&amp#27;[1m"Недостатъчна сума за плащане на наема"&amp#27;[0m             &amp#27;[90m# uni.pu.fmi.CommonSteps.грешкатаЕ(java.lang.String)&amp#27;[0m
]]></system-out>
  </testcase>
  <testcase name="Плащане от студент който не е настанен" classname="Плащане на наем" time="0.008">
    <system-out><![CDATA[
Scenario: Плащане от студент който не е настанен                   &amp#27;[90m# src/test/resources/features/payment.feature:36&amp#27;[0m
  &amp#27;[32mGiven &amp#27;[0m&amp#27;[32mстудент с имейл &amp#27;[0m&amp#27;[32m&amp#27;[1m"stoyan@uni.bg"&amp#27;[0m&amp#27;[32m който не е настанен в стая&amp#27;[0m &amp#27;[90m# uni.pu.fmi.PaymentSteps.студентБезСтая(java.lang.String)&amp#27;[0m
  &amp#27;[32mWhen &amp#27;[0m&amp#27;[32mстудентът плати наем за период &amp#27;[0m&amp#27;[32m&amp#27;[1m"2026-03"&amp#27;[0m&amp#27;[32m със сума &amp#27;[0m&amp#27;[32m&amp#27;[1m150.0&amp#27;[0m     &amp#27;[90m# uni.pu.fmi.PaymentSteps.студентътПлати(java.lang.String,double)&amp#27;[0m
  &amp#27;[32mThen &amp#27;[0m&amp#27;[32mплащането е неуспешно&amp#27;[0m                                       &amp#27;[90m# uni.pu.fmi.PaymentSteps.плащанетоНеуспешно()&amp#27;[0m
  &amp#27;[32mAnd &amp#27;[0m&amp#27;[32mгрешката е &amp#27;[0m&amp#27;[32m&amp#27;[1m"Не сте настанен в стая"&amp#27;[0m                          &amp#27;[90m# uni.pu.fmi.CommonSteps.грешкатаЕ(java.lang.String)&amp#27;[0m
]]></system-out>
  </testcase>
</testsuite>